<?xml version="1.0" encoding="UTF-8"?>
<testng-results ignored="0" total="1" passed="1" failed="0" skipped="0">
  <reporter-output>
    <line>
      <![CDATA[No of rows are : 8]]>
    </line>
    <line>
      <![CDATA[Login success::dashboard        http://webapp.qedgetech.com/dashboard.php]]>
    </line>
    <line>
      <![CDATA[Incorrect user ID or password     dashboard        http://webapp.qedgetech.com/login.php]]>
    </line>
    <line>
      <![CDATA[Login success::dashboard        http://webapp.qedgetech.com/dashboard.php]]>
    </line>
    <line>
      <![CDATA[Incorrect user ID or password     dashboard        http://webapp.qedgetech.com/login.php]]>
    </line>
    <line>
      <![CDATA[Login success::dashboard        http://webapp.qedgetech.com/dashboard.php]]>
    </line>
    <line>
      <![CDATA[Incorrect user ID or password     dashboard        http://webapp.qedgetech.com/login.php]]>
    </line>
    <line>
      <![CDATA[Incorrect user ID or password     dashboard        http://webapp.qedgetech.com/login.php]]>
    </line>
    <line>
      <![CDATA[Login success::dashboard        http://webapp.qedgetech.com/dashboard.php]]>
    </line>
  </reporter-output>
  <suite started-at="2024-09-01T13:31:42 IST" name="Default suite" finished-at="2024-09-01T13:32:47 IST" duration-ms="65932">
    <groups>
    </groups>
    <test started-at="2024-09-01T13:31:42 IST" name="Default test" finished-at="2024-09-01T13:32:47 IST" duration-ms="65932">
      <class name="driverFactory.DriverScript">
        <test-method is-config="true" signature="setUp()[pri:0, instance:driverFactory.DriverScript@291ae]" started-at="2024-09-01T13:31:42 IST" name="setUp" finished-at="2024-09-01T13:31:48 IST" duration-ms="6792" status="PASS">
          <reporter-output>
          </reporter-output>
        </test-method> <!-- setUp -->
        <test-method signature="startTest()[pri:0, instance:driverFactory.DriverScript@291ae]" started-at="2024-09-01T13:31:48 IST" name="startTest" finished-at="2024-09-01T13:32:47 IST" duration-ms="58890" status="PASS">
          <reporter-output>
            <line>
              <![CDATA[No of rows are : 8]]>
            </line>
            <line>
              <![CDATA[Login success::dashboard        http://webapp.qedgetech.com/dashboard.php]]>
            </line>
            <line>
              <![CDATA[Incorrect user ID or password     dashboard        http://webapp.qedgetech.com/login.php]]>
            </line>
            <line>
              <![CDATA[Login success::dashboard        http://webapp.qedgetech.com/dashboard.php]]>
            </line>
            <line>
              <![CDATA[Incorrect user ID or password     dashboard        http://webapp.qedgetech.com/login.php]]>
            </line>
            <line>
              <![CDATA[Login success::dashboard        http://webapp.qedgetech.com/dashboard.php]]>
            </line>
            <line>
              <![CDATA[Incorrect user ID or password     dashboard        http://webapp.qedgetech.com/login.php]]>
            </line>
            <line>
              <![CDATA[Incorrect user ID or password     dashboard        http://webapp.qedgetech.com/login.php]]>
            </line>
            <line>
              <![CDATA[Login success::dashboard        http://webapp.qedgetech.com/dashboard.php]]>
            </line>
          </reporter-output>
        </test-method> <!-- startTest -->
        <test-method is-config="true" signature="tearDown()[pri:0, instance:driverFactory.DriverScript@291ae]" started-at="2024-09-01T13:32:47 IST" name="tearDown" finished-at="2024-09-01T13:32:47 IST" duration-ms="221" status="PASS">
          <reporter-output>
          </reporter-output>
        </test-method> <!-- tearDown -->
      </class> <!-- driverFactory.DriverScript -->
    </test> <!-- Default test -->
  </suite> <!-- Default suite -->
</testng-results>
